--> Input Filename: /Users/bcdav/Dropbox/Application Support/Scrivener/ScrivQ/export-mmd/ScrivQ24.md
--> Modified path: /Users/bcdav/.rbenv/shims:/Users/bcdav/.pyenv/shims:/usr/local/bin:/Library/TeX/texbin:/opt/homebrew/bin:/Users/bcdav/.local/bin:/usr/bin:/bin:/usr/sbin:/sbin:/usr/local/bin
--> 5 figures fixed.
--> 6 notes replaced.
--> 51 files created
[1mpandoc [22m
  to: typst-citations
  output-file: ScrivQ24.typ
  template: _extensions/templates/typst/orange/template.typ
  standalone: true
  default-image-extension: svg
  wrap: none
  citeproc: false
  cite-method: citeproc
  verbosity: ERROR
  toc: false
  number-sections: true
  
[1mmetadata[22m
  section-numbering: 1.1.a
  website:
    reader-mode: true
    search:
      location: navbar
      type: overlay
    page-navigation: true
    back-to-top-navigation: true
  title: Hello, ScrivQ
  author: Bernardo Vasconcelos
  license: CC BY-NC-SA
  description: A Scrivener template project for Quarto capable of exporting multiple files, handling cross-references, and keeping a bibliography.
  copyright:
    year: 2024
  citation: true
  csl: _extensions/csl/abnt-phi.csl
  verbose: false
  notes-after-punctuation: true
  link-citations: true
  link-bibliography: true
  bibliography_primary-sources: refs/primary-sources.yml
  bibliography_secondary-sources: refs/secondary-sources.yml
  bibliography_workflow: refs/workflow.bib
  bibliography_songs: refs/songs.yml
  bibliography_paintings: refs/paintings.yml
  link-fields: false
  date: 2024-11
  abstract: The Abstract
  number-depth: 3
  fontsize: 12pt
  mainfont: Gentium Plus
  sansfont: Alegreya Sans
  monofont: Source Code Pro
  tbl-cap-location: bottom
  papersize: a4
  
3
[typst]: Compiling ScrivQ24.typ to ScrivQ24.pdf...DONE

Output created: ScrivQ24.pdf

--> Running Command: quarto render "/Users/bcdav/Dropbox/Application Support/Scrivener/ScrivQ/export-mmd/ScrivQ24.qmd" --to typst-citations
Process finished in time
--> Processing took: 12.646026s
