--> Input Filename: /Users/bcdav/Dropbox/Application Support/pandoc/quarto/ScrivQ/dry-run-mmd/index.md
--> Modified path: /Users/bcdav/.rbenv/shims:/Users/bcdav/.pyenv/shims:/usr/local/bin:/Library/TeX/texbin:/opt/homebrew/bin:/Users/bcdav/.local/bin:/usr/bin:/bin:/usr/sbin:/sbin:/usr/local/bin
--> 1 figures fixed.
--> 2 figures fixed.
--> 3 figures fixed.
--> 4 figures fixed.
--> 5 figures fixed.
--> 6 figures fixed.
--> 7 figures fixed.
--> 8 figures fixed.
--> 9 figures fixed.
--> 10 figures fixed.
--> 11 figures fixed.
--> 12 figures fixed.
--> 13 figures fixed.
--> 14 figures fixed.
--> 15 figures fixed.
--> 16 figures fixed.
--> New files detected!
--> 7 notes replaced.
--> Created files: refs/refs-scriv70.yml, refs/refs-scriv117.yml, refs/refs-scriv163.bib, refs/refs-scriv164.yml, _extensions/bcdavasconcelos/templates/doc-class.tex, _extensions/bcdavasconcelos/templates/pandoc.tex, _extensions/bcdavasconcelos/templates/title.tex, _extensions/bcdavasconcelos/templates/toc.tex, _extensions/bcdavasconcelos/templates/before-body.tex, _extensions/bcdavasconcelos/templates/before-bib.tex, _extensions/bcdavasconcelos/templates/biblio.tex, _extensions/bcdavasconcelos/templates/after-body.tex, _extensions/bcdavasconcelos/templates/tightlist.tex, _extensions/bcdavasconcelos/templates/tables.tex, _extensions/bcdavasconcelos/templates/graphics.tex, _extensions/bcdavasconcelos/templates/citations.tex, _extensions/bcdavasconcelos/templates/latex.template, _extensions/bcdavasconcelos/templates/template.tex, _extensions/bcdavasconcelos/citetools/_extension.yml, _extensions/bcdavasconcelos/citetools/citation-backlinks.lua, _extensions/bcdavasconcelos/citetools/citefield.lua, _extensions/bcdavasconcelos/citetools/citeproc.lua, _extensions/bcdavasconcelos/citetools/multiple-bibliographies.lua, _quarto.yml
--> Modified File with fixed cross-references: /Users/bcdav/Dropbox/Application Support/pandoc/quarto/ScrivQ/dry-run-mmd/index.qmd
--> Parsing took: 0.038057s
There was some problem opening /Users/bcdav/Dropbox/Application Support/pandoc/quarto/ScrivQ/dry-run-mmd/index., check compiler log…
